<?xml version="1.0" encoding="UTF-8"?>
<!-- Generated by org.testng.reporters.JUnitReportReporter -->
<testsuite hostname="DESKTOP-130P8T4" failures="0" tests="1" name="web.testscript.TestScriptForWeb" time="12.735" errors="0" timestamp="2024-11-17T22:49:53 ICT" skipped="0">
  <testcase classname="web.testscript.TestScriptForWeb" name="TC_05_CheckRegister" time="12.735"/>
</testsuite> <!-- web.testscript.TestScriptForWeb -->
